Arguments: 
  /usr/local/Cellar/node/8.9.1/bin/node /usr/local/bin/yarn add --dev babel-preset-env

PATH: 
  /usr/local/bin:/usr/bin:/bin:/usr/sbin:/sbin

Yarn version: 
  0.24.5

Node version: 
  8.9.1

Platform: 
  darwin x64

npm manifest: 
  No manifest

yarn manifest: 
  No manifest

Lockfile: 
  No lockfile

Trace: 
  Error: https://registry.yarnpkg.com/babel-preset-env: ETIMEDOUT
      at Timeout._onTimeout (/usr/local/Cellar/yarn/0.24.5/libexec/lib/yarn-cli.js:108501:19)
      at ontimeout (timers.js:475:11)
      at tryOnTimeout (timers.js:310:5)
      at Timer.listOnTimeout (timers.js:270:5)
